<?xml version="1.0" encoding="UTF-8"?>
<testng-results skipped="0" failed="0" ignored="0" total="1" passed="1">
  <reporter-output>
  </reporter-output>
  <suite name="Suite" duration-ms="173" started-at="2020-09-08T18:53:34Z" finished-at="2020-09-08T18:53:34Z">
    <groups>
    </groups>
    <test name="Test" duration-ms="173" started-at="2020-09-08T18:53:34Z" finished-at="2020-09-08T18:53:34Z">
      <class name="stepdefinitions.login">
        <test-method status="PASS" signature="open_URL()[pri:0, instance:stepdefinitions.login@5bcab519]" name="open_URL" duration-ms="70" started-at="2020-09-08T18:53:34Z" finished-at="2020-09-08T18:53:34Z">
          <reporter-output>
          </reporter-output>
        </test-method> <!-- open_URL -->
      </class> <!-- stepdefinitions.login -->
    </test> <!-- Test -->
  </suite> <!-- Suite -->
</testng-results>
